<?xml version="1.0" encoding="UTF-8"?>
<testng-results ignored="0" total="1" passed="1" failed="0" skipped="0">
  <reporter-output>
  </reporter-output>
  <suite started-at="2026-01-17T20:58:59 EST" name="Default suite" finished-at="2026-01-17T20:59:31 EST" duration-ms="31548">
    <groups>
    </groups>
    <test started-at="2026-01-17T20:58:59 EST" name="Default test" finished-at="2026-01-17T20:59:31 EST" duration-ms="31548">
      <class name="tests.MergeAccountsTest">
        <test-method signature="verifyAccountMerge_TC13()[pri:0, instance:tests.MergeAccountsTest@2d3379b4]" started-at="2026-01-17T20:58:59 EST" name="verifyAccountMerge_TC13" finished-at="2026-01-17T20:59:31 EST" duration-ms="31521" status="PASS">
          <reporter-output>
          </reporter-output>
        </test-method> <!-- verifyAccountMerge_TC13 -->
      </class> <!-- tests.MergeAccountsTest -->
    </test> <!-- Default test -->
  </suite> <!-- Default suite -->
</testng-results>
