<?xml version="1.0" encoding="UTF-8"?>
<!-- Generated by org.testng.reporters.JUnitReportReporter -->
<testsuite hostname="Goks" failures="0" tests="4" name="com.tekarch.eu.automation.TestngDemo" time="0.008" errors="0" timestamp="2025-12-11T10:02:01 EST" skipped="0">
  <testcase classname="com.tekarch.eu.automation.TestngDemo" name="demo1" time="0.005"/>
  <system-out/>
  <testcase classname="com.tekarch.eu.automation.TestngDemo" name="demo" time="0.000"/>
  <system-out/>
  <testcase classname="com.tekarch.eu.automation.TestngDemo" name="demo2" time="0.002"/>
  <system-out/>
  <testcase classname="com.tekarch.eu.automation.TestngDemo" name="demo3" time="0.001"/>
  <system-out/>
</testsuite> <!-- com.tekarch.eu.automation.TestngDemo -->
